# JRE version: OpenJDK Runtime Environment Microsoft-11369940 (21.0.7+6) (build 21.0.7+6-LTS)
# Java VM: OpenJDK 64-Bit Server VM Microsoft-11369940 (21.0.7+6-LTS, mixed mode, emulated-client, sharing, tiered, compressed oops, compressed class ptrs, g1 gc, windows-amd64)
GC Precious Log:
 CardTable entry size: 512
 Card Set container configuration: InlinePtr #cards 4 size 8 Array Of Cards #cards 16 size 48 Howl #buckets 8 coarsen threshold 3686 Howl Bitmap #cards 512 size 80 coarsen threshold 460 Card regions per heap region 1 cards per card region 4096
 CPUs: 16 total, 16 available
 Memory: 15773M
 Large Page Support: Disabled
 NUMA Support: Disabled
 Compressed Oops: Enabled (Zero based)
 Heap Region Size: 2M
 Heap Min Capacity: 8M
 Heap Initial Capacity: 248M
 Heap Max Capacity: 3944M
 Pre-touch: Disabled
 Parallel Workers: 13
 Concurrent Workers: 3
 Concurrent Refinement Workers: 13
 Periodic GC: Disabled
Heap:
 garbage-first heap   total 139264K, used 103371K [0x0000000709800000, 0x0000000800000000)
  region size 2048K, 32 young (65536K), 4 survivors (8192K)
 Metaspace       used 83978K, committed 84928K, reserved 1179648K
  class space    used 11910K, committed 12352K, reserved 1048576K
GC Heap History (20 events):
Event: 7.014 GC heap after
{Heap after GC invocations=19 (full 0):
 garbage-first heap   total 94208K, used 35078K [0x0000000709800000, 0x0000000800000000)
  region size 2048K, 3 young (6144K), 3 survivors (6144K)
 Metaspace       used 66739K, committed 67456K, reserved 1114112K
  class space    used 9379K, committed 9728K, reserved 1048576K
}
Event: 7.223 GC heap before
{Heap before GC invocations=19 (full 0):
 garbage-first heap   total 94208K, used 80134K [0x0000000709800000, 0x0000000800000000)
  region size 2048K, 25 young (51200K), 3 survivors (6144K)
 Metaspace       used 68936K, committed 69696K, reserved 1114112K
  class space    used 9783K, committed 10112K, reserved 1048576K
}
Event: 7.227 GC heap after
{Heap after GC invocations=20 (full 0):
 garbage-first heap   total 94208K, used 36292K [0x0000000709800000, 0x0000000800000000)
  region size 2048K, 3 young (6144K), 3 survivors (6144K)
 Metaspace       used 68936K, committed 69696K, reserved 1114112K
  class space    used 9783K, committed 10112K, reserved 1048576K
}
Event: 7.389 GC heap before
{Heap before GC invocations=20 (full 0):
 garbage-first heap   total 94208K, used 81348K [0x0000000709800000, 0x0000000800000000)
  region size 2048K, 25 young (51200K), 3 survivors (6144K)
 Metaspace       used 69224K, committed 70016K, reserved 1114112K
  class space    used 9813K, committed 10176K, reserved 1048576K
}
Event: 7.393 GC heap after
{Heap after GC invocations=21 (full 0):
 garbage-first heap   total 114688K, used 37296K [0x0000000709800000, 0x0000000800000000)
  region size 2048K, 3 young (6144K), 3 survivors (6144K)
 Metaspace       used 69224K, committed 70016K, reserved 1114112K
  class space    used 9813K, committed 10176K, reserved 1048576K
}
Event: 7.609 GC heap before
{Heap before GC invocations=21 (full 0):
 garbage-first heap   total 114688K, used 96688K [0x0000000709800000, 0x0000000800000000)
  region size 2048K, 32 young (65536K), 3 survivors (6144K)
 Metaspace       used 69518K, committed 70272K, reserved 1114112K
  class space    used 9835K, committed 10176K, reserved 1048576K
}
Event: 7.613 GC heap after
{Heap after GC invocations=22 (full 0):
 garbage-first heap   total 114688K, used 37973K [0x0000000709800000, 0x0000000800000000)
  region size 2048K, 3 young (6144K), 3 survivors (6144K)
 Metaspace       used 69518K, committed 70272K, reserved 1114112K
  class space    used 9835K, committed 10176K, reserved 1048576K
}
Event: 7.878 GC heap before
{Heap before GC invocations=22 (full 0):
 garbage-first heap   total 114688K, used 97365K [0x0000000709800000, 0x0000000800000000)
  region size 2048K, 32 young (65536K), 3 survivors (6144K)
 Metaspace       used 70329K, committed 71104K, reserved 1114112K
  class space    used 9945K, committed 10304K, reserved 1048576K
}
Event: 7.881 GC heap after
{Heap after GC invocations=23 (full 0):
 garbage-first heap   total 114688K, used 39448K [0x0000000709800000, 0x0000000800000000)
  region size 2048K, 3 young (6144K), 3 survivors (6144K)
 Metaspace       used 70329K, committed 71104K, reserved 1114112K
  class space    used 9945K, committed 10304K, reserved 1048576K
}
Event: 8.104 GC heap before
{Heap before GC invocations=23 (full 0):
 garbage-first heap   total 114688K, used 80408K [0x0000000709800000, 0x0000000800000000)
  region size 2048K, 24 young (49152K), 3 survivors (6144K)
 Metaspace       used 71627K, committed 72448K, reserved 1114112K
  class space    used 10104K, committed 10432K, reserved 1048576K
}
Event: 8.107 GC heap after
{Heap after GC invocations=24 (full 0):
 garbage-first heap   total 114688K, used 40623K [0x0000000709800000, 0x0000000800000000)
  region size 2048K, 3 young (6144K), 3 survivors (6144K)
 Metaspace       used 71627K, committed 72448K, reserved 1114112K
  class space    used 10104K, committed 10432K, reserved 1048576K
}
Event: 8.489 GC heap before
{Heap before GC invocations=25 (full 0):
 garbage-first heap   total 114688K, used 97967K [0x0000000709800000, 0x0000000800000000)
  region size 2048K, 31 young (63488K), 3 survivors (6144K)
 Metaspace       used 72837K, committed 73600K, reserved 1114112K
  class space    used 10344K, committed 10688K, reserved 1048576K
}
Event: 8.494 GC heap after
{Heap after GC invocations=26 (full 0):
 garbage-first heap   total 139264K, used 42532K [0x0000000709800000, 0x0000000800000000)
  region size 2048K, 3 young (6144K), 3 survivors (6144K)
 Metaspace       used 72837K, committed 73600K, reserved 1114112K
  class space    used 10344K, committed 10688K, reserved 1048576K
}
Event: 8.964 GC heap before
{Heap before GC invocations=26 (full 0):
 garbage-first heap   total 139264K, used 118308K [0x0000000709800000, 0x0000000800000000)
  region size 2048K, 40 young (81920K), 3 survivors (6144K)
 Metaspace       used 74816K, committed 75712K, reserved 1114112K
  class space    used 10633K, committed 11008K, reserved 1048576K
}
Event: 8.969 GC heap after
{Heap after GC invocations=27 (full 0):
 garbage-first heap   total 139264K, used 44228K [0x0000000709800000, 0x0000000800000000)
  region size 2048K, 4 young (8192K), 4 survivors (8192K)
 Metaspace       used 74816K, committed 75712K, reserved 1114112K
  class space    used 10633K, committed 11008K, reserved 1048576K
}
Event: 39.354 GC heap before
{Heap before GC invocations=27 (full 0):
 garbage-first heap   total 139264K, used 117956K [0x0000000709800000, 0x0000000800000000)
  region size 2048K, 40 young (81920K), 4 survivors (8192K)
 Metaspace       used 80048K, committed 80960K, reserved 1179648K
  class space    used 11327K, committed 11712K, reserved 1048576K
}
Event: 39.363 GC heap after
{Heap after GC invocations=28 (full 0):
 garbage-first heap   total 139264K, used 46811K [0x0000000709800000, 0x0000000800000000)
  region size 2048K, 4 young (8192K), 4 survivors (8192K)
 Metaspace       used 80048K, committed 80960K, reserved 1179648K
  class space    used 11327K, committed 11712K, reserved 1048576K
}
Event: 335.332 GC heap before
{Heap before GC invocations=28 (full 0):
 garbage-first heap   total 139264K, used 120539K [0x0000000709800000, 0x0000000800000000)
  region size 2048K, 40 young (81920K), 4 survivors (8192K)
 Metaspace       used 83878K, committed 84864K, reserved 1179648K
  class space    used 11889K, committed 12352K, reserved 1048576K
}
Event: 335.339 GC heap after
{Heap after GC invocations=29 (full 0):
 garbage-first heap   total 139264K, used 48075K [0x0000000709800000, 0x0000000800000000)
  region size 2048K, 4 young (8192K), 4 survivors (8192K)
 Metaspace       used 83878K, committed 84864K, reserved 1179648K
  class space    used 11889K, committed 12352K, reserved 1048576K
}
Event: 633.933 GC heap before
{Heap before GC invocations=29 (full 0):
 garbage-first heap   total 139264K, used 103371K [0x0000000709800000, 0x0000000800000000)
  region size 2048K, 32 young (65536K), 4 survivors (8192K)
 Metaspace       used 83978K, committed 84928K, reserved 1179648K
  class space    used 11910K, committed 12352K, reserved 1048576K
}

